<?xml version="1.0" encoding="UTF-8"?>
<testsuite xmlns:xsi="http://www.w3.org/2001/XMLSchema-instance" xsi:noNamespaceSchemaLocation="https://maven.apache.org/surefire/maven-surefire-plugin/xsd/surefire-test-report.xsd" name="indi.wgx.seckill.SeckillApplicationTests" time="3.741" tests="1" errors="0" skipped="0" failures="0">
  <properties>
    <property name="sun.desktop" value="windows"/>
    <property name="awt.toolkit" value="sun.awt.windows.WToolkit"/>
    <property name="file.encoding.pkg" value="sun.io"/>
    <property name="java.specification.version" value="1.8"/>
    <property name="sun.cpu.isalist" value="amd64"/>
    <property name="sun.jnu.encoding" value="GBK"/>
    <property name="java.class.path" value="E:\IdeaProject\seckill-demo\target\test-classes;E:\IdeaProject\seckill-demo\target\classes;D:\JAVA\Maven\MavenRepository\org\springframework\boot\spring-boot-starter-thymeleaf\2.6.4\spring-boot-starter-thymeleaf-2.6.4.jar;D:\JAVA\Maven\MavenRepository\org\springframework\boot\spring-boot-starter\2.6.4\spring-boot-starter-2.6.4.jar;D:\JAVA\Maven\MavenRepository\org\springframework\boot\spring-boot\2.6.4\spring-boot-2.6.4.jar;D:\JAVA\Maven\MavenRepository\org\springframework\boot\spring-boot-starter-logging\2.6.4\spring-boot-starter-logging-2.6.4.jar;D:\JAVA\Maven\MavenRepository\ch\qos\logback\logback-classic\1.2.10\logback-classic-1.2.10.jar;D:\JAVA\Maven\MavenRepository\ch\qos\logback\logback-core\1.2.10\logback-core-1.2.10.jar;D:\JAVA\Maven\MavenRepository\org\apache\logging\log4j\log4j-to-slf4j\2.17.1\log4j-to-slf4j-2.17.1.jar;D:\JAVA\Maven\MavenRepository\org\apache\logging\log4j\log4j-api\2.17.1\log4j-api-2.17.1.jar;D:\JAVA\Maven\MavenRepository\org\slf4j\jul-to-slf4j\1.7.36\jul-to-slf4j-1.7.36.jar;D:\JAVA\Maven\MavenRepository\jakarta\annotation\jakarta.annotation-api\1.3.5\jakarta.annotation-api-1.3.5.jar;D:\JAVA\Maven\MavenRepository\org\yaml\snakeyaml\1.29\snakeyaml-1.29.jar;D:\JAVA\Maven\MavenRepository\org\thymeleaf\thymeleaf-spring5\3.0.15.RELEASE\thymeleaf-spring5-3.0.15.RELEASE.jar;D:\JAVA\Maven\MavenRepository\org\thymeleaf\thymeleaf\3.0.15.RELEASE\thymeleaf-3.0.15.RELEASE.jar;D:\JAVA\Maven\MavenRepository\org\attoparser\attoparser\2.0.5.RELEASE\attoparser-2.0.5.RELEASE.jar;D:\JAVA\Maven\MavenRepository\org\unbescape\unbescape\1.1.6.RELEASE\unbescape-1.1.6.RELEASE.jar;D:\JAVA\Maven\MavenRepository\org\slf4j\slf4j-api\1.7.36\slf4j-api-1.7.36.jar;D:\JAVA\Maven\MavenRepository\org\thymeleaf\extras\thymeleaf-extras-java8time\3.0.4.RELEASE\thymeleaf-extras-java8time-3.0.4.RELEASE.jar;D:\JAVA\Maven\MavenRepository\org\springframework\boot\spring-boot-starter-web\2.6.4\spring-boot-starter-web-2.6.4.jar;D:\JAVA\Maven\MavenRepository\org\springframework\boot\spring-boot-starter-json\2.6.4\spring-boot-starter-json-2.6.4.jar;D:\JAVA\Maven\MavenRepository\com\fasterxml\jackson\core\jackson-databind\2.13.1\jackson-databind-2.13.1.jar;D:\JAVA\Maven\MavenRepository\com\fasterxml\jackson\core\jackson-annotations\2.13.1\jackson-annotations-2.13.1.jar;D:\JAVA\Maven\MavenRepository\com\fasterxml\jackson\core\jackson-core\2.13.1\jackson-core-2.13.1.jar;D:\JAVA\Maven\MavenRepository\com\fasterxml\jackson\datatype\jackson-datatype-jdk8\2.13.1\jackson-datatype-jdk8-2.13.1.jar;D:\JAVA\Maven\MavenRepository\com\fasterxml\jackson\datatype\jackson-datatype-jsr310\2.13.1\jackson-datatype-jsr310-2.13.1.jar;D:\JAVA\Maven\MavenRepository\com\fasterxml\jackson\module\jackson-module-parameter-names\2.13.1\jackson-module-parameter-names-2.13.1.jar;D:\JAVA\Maven\MavenRepository\org\springframework\boot\spring-boot-starter-tomcat\2.6.4\spring-boot-starter-tomcat-2.6.4.jar;D:\JAVA\Maven\MavenRepository\org\apache\tomcat\embed\tomcat-embed-core\9.0.58\tomcat-embed-core-9.0.58.jar;D:\JAVA\Maven\MavenRepository\org\apache\tomcat\embed\tomcat-embed-websocket\9.0.58\tomcat-embed-websocket-9.0.58.jar;D:\JAVA\Maven\MavenRepository\org\springframework\spring-web\5.3.16\spring-web-5.3.16.jar;D:\JAVA\Maven\MavenRepository\org\springframework\spring-beans\5.3.16\spring-beans-5.3.16.jar;D:\JAVA\Maven\MavenRepository\org\springframework\spring-webmvc\5.3.16\spring-webmvc-5.3.16.jar;D:\JAVA\Maven\MavenRepository\org\springframework\spring-aop\5.3.16\spring-aop-5.3.16.jar;D:\JAVA\Maven\MavenRepository\org\springframework\spring-context\5.3.16\spring-context-5.3.16.jar;D:\JAVA\Maven\MavenRepository\org\springframework\spring-expression\5.3.16\spring-expression-5.3.16.jar;D:\JAVA\Maven\MavenRepository\com\baomidou\mybatis-plus-boot-starter\3.5.1\mybatis-plus-boot-starter-3.5.1.jar;D:\JAVA\Maven\MavenRepository\com\baomidou\mybatis-plus\3.5.1\mybatis-plus-3.5.1.jar;D:\JAVA\Maven\MavenRepository\com\baomidou\mybatis-plus-extension\3.5.1\mybatis-plus-extension-3.5.1.jar;D:\JAVA\Maven\MavenRepository\com\baomidou\mybatis-plus-core\3.5.1\mybatis-plus-core-3.5.1.jar;D:\JAVA\Maven\MavenRepository\com\baomidou\mybatis-plus-annotation\3.5.1\mybatis-plus-annotation-3.5.1.jar;D:\JAVA\Maven\MavenRepository\com\github\jsqlparser\jsqlparser\4.3\jsqlparser-4.3.jar;D:\JAVA\Maven\MavenRepository\org\mybatis\mybatis\3.5.9\mybatis-3.5.9.jar;D:\JAVA\Maven\MavenRepository\org\mybatis\mybatis-spring\2.0.6\mybatis-spring-2.0.6.jar;D:\JAVA\Maven\MavenRepository\org\springframework\boot\spring-boot-autoconfigure\2.6.4\spring-boot-autoconfigure-2.6.4.jar;D:\JAVA\Maven\MavenRepository\org\springframework\boot\spring-boot-starter-jdbc\2.6.4\spring-boot-starter-jdbc-2.6.4.jar;D:\JAVA\Maven\MavenRepository\com\zaxxer\HikariCP\4.0.3\HikariCP-4.0.3.jar;D:\JAVA\Maven\MavenRepository\org\springframework\spring-jdbc\5.3.16\spring-jdbc-5.3.16.jar;D:\JAVA\Maven\MavenRepository\org\projectlombok\lombok\1.18.22\lombok-1.18.22.jar;D:\JAVA\Maven\MavenRepository\org\springframework\boot\spring-boot-starter-test\2.6.4\spring-boot-starter-test-2.6.4.jar;D:\JAVA\Maven\MavenRepository\org\springframework\boot\spring-boot-test\2.6.4\spring-boot-test-2.6.4.jar;D:\JAVA\Maven\MavenRepository\org\springframework\boot\spring-boot-test-autoconfigure\2.6.4\spring-boot-test-autoconfigure-2.6.4.jar;D:\JAVA\Maven\MavenRepository\com\jayway\jsonpath\json-path\2.6.0\json-path-2.6.0.jar;D:\JAVA\Maven\MavenRepository\net\minidev\json-smart\2.4.8\json-smart-2.4.8.jar;D:\JAVA\Maven\MavenRepository\net\minidev\accessors-smart\2.4.8\accessors-smart-2.4.8.jar;D:\JAVA\Maven\MavenRepository\org\ow2\asm\asm\9.1\asm-9.1.jar;D:\JAVA\Maven\MavenRepository\jakarta\xml\bind\jakarta.xml.bind-api\2.3.3\jakarta.xml.bind-api-2.3.3.jar;D:\JAVA\Maven\MavenRepository\jakarta\activation\jakarta.activation-api\1.2.2\jakarta.activation-api-1.2.2.jar;D:\JAVA\Maven\MavenRepository\org\assertj\assertj-core\3.21.0\assertj-core-3.21.0.jar;D:\JAVA\Maven\MavenRepository\org\hamcrest\hamcrest\2.2\hamcrest-2.2.jar;D:\JAVA\Maven\MavenRepository\org\junit\jupiter\junit-jupiter\5.8.2\junit-jupiter-5.8.2.jar;D:\JAVA\Maven\MavenRepository\org\junit\jupiter\junit-jupiter-api\5.8.2\junit-jupiter-api-5.8.2.jar;D:\JAVA\Maven\MavenRepository\org\opentest4j\opentest4j\1.2.0\opentest4j-1.2.0.jar;D:\JAVA\Maven\MavenRepository\org\junit\platform\junit-platform-commons\1.8.2\junit-platform-commons-1.8.2.jar;D:\JAVA\Maven\MavenRepository\org\apiguardian\apiguardian-api\1.1.2\apiguardian-api-1.1.2.jar;D:\JAVA\Maven\MavenRepository\org\junit\jupiter\junit-jupiter-params\5.8.2\junit-jupiter-params-5.8.2.jar;D:\JAVA\Maven\MavenRepository\org\junit\jupiter\junit-jupiter-engine\5.8.2\junit-jupiter-engine-5.8.2.jar;D:\JAVA\Maven\MavenRepository\org\junit\platform\junit-platform-engine\1.8.2\junit-platform-engine-1.8.2.jar;D:\JAVA\Maven\MavenRepository\org\mockito\mockito-core\4.0.0\mockito-core-4.0.0.jar;D:\JAVA\Maven\MavenRepository\net\bytebuddy\byte-buddy\1.11.22\byte-buddy-1.11.22.jar;D:\JAVA\Maven\MavenRepository\net\bytebuddy\byte-buddy-agent\1.11.22\byte-buddy-agent-1.11.22.jar;D:\JAVA\Maven\MavenRepository\org\objenesis\objenesis\3.2\objenesis-3.2.jar;D:\JAVA\Maven\MavenRepository\org\mockito\mockito-junit-jupiter\4.0.0\mockito-junit-jupiter-4.0.0.jar;D:\JAVA\Maven\MavenRepository\org\skyscreamer\jsonassert\1.5.0\jsonassert-1.5.0.jar;D:\JAVA\Maven\MavenRepository\com\vaadin\external\google\android-json\0.0.20131108.vaadin1\android-json-0.0.20131108.vaadin1.jar;D:\JAVA\Maven\MavenRepository\org\springframework\spring-core\5.3.16\spring-core-5.3.16.jar;D:\JAVA\Maven\MavenRepository\org\springframework\spring-jcl\5.3.16\spring-jcl-5.3.16.jar;D:\JAVA\Maven\MavenRepository\org\springframework\spring-test\5.3.16\spring-test-5.3.16.jar;D:\JAVA\Maven\MavenRepository\org\xmlunit\xmlunit-core\2.8.4\xmlunit-core-2.8.4.jar;D:\JAVA\Maven\MavenRepository\commons-codec\commons-codec\1.15\commons-codec-1.15.jar;D:\JAVA\Maven\MavenRepository\org\springframework\boot\spring-boot-starter-validation\2.6.4\spring-boot-starter-validation-2.6.4.jar;D:\JAVA\Maven\MavenRepository\org\apache\tomcat\embed\tomcat-embed-el\9.0.58\tomcat-embed-el-9.0.58.jar;D:\JAVA\Maven\MavenRepository\org\hibernate\validator\hibernate-validator\6.2.2.Final\hibernate-validator-6.2.2.Final.jar;D:\JAVA\Maven\MavenRepository\jakarta\validation\jakarta.validation-api\2.0.2\jakarta.validation-api-2.0.2.jar;D:\JAVA\Maven\MavenRepository\org\jboss\logging\jboss-logging\3.4.3.Final\jboss-logging-3.4.3.Final.jar;D:\JAVA\Maven\MavenRepository\com\fasterxml\classmate\1.5.1\classmate-1.5.1.jar;D:\JAVA\Maven\MavenRepository\org\freemarker\freemarker\2.3.31\freemarker-2.3.31.jar;D:\JAVA\Maven\MavenRepository\mysql\mysql-connector-java\8.0.28\mysql-connector-java-8.0.28.jar;D:\JAVA\Maven\MavenRepository\org\springframework\boot\spring-boot-starter-data-redis\2.6.4\spring-boot-starter-data-redis-2.6.4.jar;D:\JAVA\Maven\MavenRepository\org\springframework\data\spring-data-redis\2.6.2\spring-data-redis-2.6.2.jar;D:\JAVA\Maven\MavenRepository\org\springframework\data\spring-data-keyvalue\2.6.2\spring-data-keyvalue-2.6.2.jar;D:\JAVA\Maven\MavenRepository\org\springframework\data\spring-data-commons\2.6.2\spring-data-commons-2.6.2.jar;D:\JAVA\Maven\MavenRepository\org\springframework\spring-tx\5.3.16\spring-tx-5.3.16.jar;D:\JAVA\Maven\MavenRepository\org\springframework\spring-oxm\5.3.16\spring-oxm-5.3.16.jar;D:\JAVA\Maven\MavenRepository\org\springframework\spring-context-support\5.3.16\spring-context-support-5.3.16.jar;D:\JAVA\Maven\MavenRepository\io\lettuce\lettuce-core\6.1.6.RELEASE\lettuce-core-6.1.6.RELEASE.jar;D:\JAVA\Maven\MavenRepository\io\netty\netty-common\4.1.74.Final\netty-common-4.1.74.Final.jar;D:\JAVA\Maven\MavenRepository\io\netty\netty-handler\4.1.74.Final\netty-handler-4.1.74.Final.jar;D:\JAVA\Maven\MavenRepository\io\netty\netty-resolver\4.1.74.Final\netty-resolver-4.1.74.Final.jar;D:\JAVA\Maven\MavenRepository\io\netty\netty-buffer\4.1.74.Final\netty-buffer-4.1.74.Final.jar;D:\JAVA\Maven\MavenRepository\io\netty\netty-codec\4.1.74.Final\netty-codec-4.1.74.Final.jar;D:\JAVA\Maven\MavenRepository\io\netty\netty-tcnative-classes\2.0.48.Final\netty-tcnative-classes-2.0.48.Final.jar;D:\JAVA\Maven\MavenRepository\io\netty\netty-transport\4.1.74.Final\netty-transport-4.1.74.Final.jar;D:\JAVA\Maven\MavenRepository\io\projectreactor\reactor-core\3.4.15\reactor-core-3.4.15.jar;D:\JAVA\Maven\MavenRepository\org\reactivestreams\reactive-streams\1.0.3\reactive-streams-1.0.3.jar;D:\JAVA\Maven\MavenRepository\org\apache\commons\commons-pool2\2.11.1\commons-pool2-2.11.1.jar;"/>
    <property name="java.vm.vendor" value="Oracle Corporation"/>
    <property name="sun.arch.data.model" value="64"/>
    <property name="user.variant" value=""/>
    <property name="java.vendor.url" value="http://java.oracle.com/"/>
    <property name="user.timezone" value="Asia/Shanghai"/>
    <property name="java.vm.specification.version" value="1.8"/>
    <property name="os.name" value="Windows 10"/>
    <property name="user.country" value="CN"/>
    <property name="sun.java.launcher" value="SUN_STANDARD"/>
    <property name="sun.boot.library.path" value="D:\JAVA\jdk8\jre\bin"/>
    <property name="sun.java.command" value="C:\Users\38454\AppData\Local\Temp\surefire6123811017480175697\surefirebooter146291170090823289.jar C:\Users\38454\AppData\Local\Temp\surefire6123811017480175697 2022-03-22T15-30-15_178-jvmRun1 surefire4794855904226968860tmp surefire_03029467476871418351tmp"/>
    <property name="surefire.test.class.path" value="E:\IdeaProject\seckill-demo\target\test-classes;E:\IdeaProject\seckill-demo\target\classes;D:\JAVA\Maven\MavenRepository\org\springframework\boot\spring-boot-starter-thymeleaf\2.6.4\spring-boot-starter-thymeleaf-2.6.4.jar;D:\JAVA\Maven\MavenRepository\org\springframework\boot\spring-boot-starter\2.6.4\spring-boot-starter-2.6.4.jar;D:\JAVA\Maven\MavenRepository\org\springframework\boot\spring-boot\2.6.4\spring-boot-2.6.4.jar;D:\JAVA\Maven\MavenRepository\org\springframework\boot\spring-boot-starter-logging\2.6.4\spring-boot-starter-logging-2.6.4.jar;D:\JAVA\Maven\MavenRepository\ch\qos\logback\logback-classic\1.2.10\logback-classic-1.2.10.jar;D:\JAVA\Maven\MavenRepository\ch\qos\logback\logback-core\1.2.10\logback-core-1.2.10.jar;D:\JAVA\Maven\MavenRepository\org\apache\logging\log4j\log4j-to-slf4j\2.17.1\log4j-to-slf4j-2.17.1.jar;D:\JAVA\Maven\MavenRepository\org\apache\logging\log4j\log4j-api\2.17.1\log4j-api-2.17.1.jar;D:\JAVA\Maven\MavenRepository\org\slf4j\jul-to-slf4j\1.7.36\jul-to-slf4j-1.7.36.jar;D:\JAVA\Maven\MavenRepository\jakarta\annotation\jakarta.annotation-api\1.3.5\jakarta.annotation-api-1.3.5.jar;D:\JAVA\Maven\MavenRepository\org\yaml\snakeyaml\1.29\snakeyaml-1.29.jar;D:\JAVA\Maven\MavenRepository\org\thymeleaf\thymeleaf-spring5\3.0.15.RELEASE\thymeleaf-spring5-3.0.15.RELEASE.jar;D:\JAVA\Maven\MavenRepository\org\thymeleaf\thymeleaf\3.0.15.RELEASE\thymeleaf-3.0.15.RELEASE.jar;D:\JAVA\Maven\MavenRepository\org\attoparser\attoparser\2.0.5.RELEASE\attoparser-2.0.5.RELEASE.jar;D:\JAVA\Maven\MavenRepository\org\unbescape\unbescape\1.1.6.RELEASE\unbescape-1.1.6.RELEASE.jar;D:\JAVA\Maven\MavenRepository\org\slf4j\slf4j-api\1.7.36\slf4j-api-1.7.36.jar;D:\JAVA\Maven\MavenRepository\org\thymeleaf\extras\thymeleaf-extras-java8time\3.0.4.RELEASE\thymeleaf-extras-java8time-3.0.4.RELEASE.jar;D:\JAVA\Maven\MavenRepository\org\springframework\boot\spring-boot-starter-web\2.6.4\spring-boot-starter-web-2.6.4.jar;D:\JAVA\Maven\MavenRepository\org\springframework\boot\spring-boot-starter-json\2.6.4\spring-boot-starter-json-2.6.4.jar;D:\JAVA\Maven\MavenRepository\com\fasterxml\jackson\core\jackson-databind\2.13.1\jackson-databind-2.13.1.jar;D:\JAVA\Maven\MavenRepository\com\fasterxml\jackson\core\jackson-annotations\2.13.1\jackson-annotations-2.13.1.jar;D:\JAVA\Maven\MavenRepository\com\fasterxml\jackson\core\jackson-core\2.13.1\jackson-core-2.13.1.jar;D:\JAVA\Maven\MavenRepository\com\fasterxml\jackson\datatype\jackson-datatype-jdk8\2.13.1\jackson-datatype-jdk8-2.13.1.jar;D:\JAVA\Maven\MavenRepository\com\fasterxml\jackson\datatype\jackson-datatype-jsr310\2.13.1\jackson-datatype-jsr310-2.13.1.jar;D:\JAVA\Maven\MavenRepository\com\fasterxml\jackson\module\jackson-module-parameter-names\2.13.1\jackson-module-parameter-names-2.13.1.jar;D:\JAVA\Maven\MavenRepository\org\springframework\boot\spring-boot-starter-tomcat\2.6.4\spring-boot-starter-tomcat-2.6.4.jar;D:\JAVA\Maven\MavenRepository\org\apache\tomcat\embed\tomcat-embed-core\9.0.58\tomcat-embed-core-9.0.58.jar;D:\JAVA\Maven\MavenRepository\org\apache\tomcat\embed\tomcat-embed-websocket\9.0.58\tomcat-embed-websocket-9.0.58.jar;D:\JAVA\Maven\MavenRepository\org\springframework\spring-web\5.3.16\spring-web-5.3.16.jar;D:\JAVA\Maven\MavenRepository\org\springframework\spring-beans\5.3.16\spring-beans-5.3.16.jar;D:\JAVA\Maven\MavenRepository\org\springframework\spring-webmvc\5.3.16\spring-webmvc-5.3.16.jar;D:\JAVA\Maven\MavenRepository\org\springframework\spring-aop\5.3.16\spring-aop-5.3.16.jar;D:\JAVA\Maven\MavenRepository\org\springframework\spring-context\5.3.16\spring-context-5.3.16.jar;D:\JAVA\Maven\MavenRepository\org\springframework\spring-expression\5.3.16\spring-expression-5.3.16.jar;D:\JAVA\Maven\MavenRepository\com\baomidou\mybatis-plus-boot-starter\3.5.1\mybatis-plus-boot-starter-3.5.1.jar;D:\JAVA\Maven\MavenRepository\com\baomidou\mybatis-plus\3.5.1\mybatis-plus-3.5.1.jar;D:\JAVA\Maven\MavenRepository\com\baomidou\mybatis-plus-extension\3.5.1\mybatis-plus-extension-3.5.1.jar;D:\JAVA\Maven\MavenRepository\com\baomidou\mybatis-plus-core\3.5.1\mybatis-plus-core-3.5.1.jar;D:\JAVA\Maven\MavenRepository\com\baomidou\mybatis-plus-annotation\3.5.1\mybatis-plus-annotation-3.5.1.jar;D:\JAVA\Maven\MavenRepository\com\github\jsqlparser\jsqlparser\4.3\jsqlparser-4.3.jar;D:\JAVA\Maven\MavenRepository\org\mybatis\mybatis\3.5.9\mybatis-3.5.9.jar;D:\JAVA\Maven\MavenRepository\org\mybatis\mybatis-spring\2.0.6\mybatis-spring-2.0.6.jar;D:\JAVA\Maven\MavenRepository\org\springframework\boot\spring-boot-autoconfigure\2.6.4\spring-boot-autoconfigure-2.6.4.jar;D:\JAVA\Maven\MavenRepository\org\springframework\boot\spring-boot-starter-jdbc\2.6.4\spring-boot-starter-jdbc-2.6.4.jar;D:\JAVA\Maven\MavenRepository\com\zaxxer\HikariCP\4.0.3\HikariCP-4.0.3.jar;D:\JAVA\Maven\MavenRepository\org\springframework\spring-jdbc\5.3.16\spring-jdbc-5.3.16.jar;D:\JAVA\Maven\MavenRepository\org\projectlombok\lombok\1.18.22\lombok-1.18.22.jar;D:\JAVA\Maven\MavenRepository\org\springframework\boot\spring-boot-starter-test\2.6.4\spring-boot-starter-test-2.6.4.jar;D:\JAVA\Maven\MavenRepository\org\springframework\boot\spring-boot-test\2.6.4\spring-boot-test-2.6.4.jar;D:\JAVA\Maven\MavenRepository\org\springframework\boot\spring-boot-test-autoconfigure\2.6.4\spring-boot-test-autoconfigure-2.6.4.jar;D:\JAVA\Maven\MavenRepository\com\jayway\jsonpath\json-path\2.6.0\json-path-2.6.0.jar;D:\JAVA\Maven\MavenRepository\net\minidev\json-smart\2.4.8\json-smart-2.4.8.jar;D:\JAVA\Maven\MavenRepository\net\minidev\accessors-smart\2.4.8\accessors-smart-2.4.8.jar;D:\JAVA\Maven\MavenRepository\org\ow2\asm\asm\9.1\asm-9.1.jar;D:\JAVA\Maven\MavenRepository\jakarta\xml\bind\jakarta.xml.bind-api\2.3.3\jakarta.xml.bind-api-2.3.3.jar;D:\JAVA\Maven\MavenRepository\jakarta\activation\jakarta.activation-api\1.2.2\jakarta.activation-api-1.2.2.jar;D:\JAVA\Maven\MavenRepository\org\assertj\assertj-core\3.21.0\assertj-core-3.21.0.jar;D:\JAVA\Maven\MavenRepository\org\hamcrest\hamcrest\2.2\hamcrest-2.2.jar;D:\JAVA\Maven\MavenRepository\org\junit\jupiter\junit-jupiter\5.8.2\junit-jupiter-5.8.2.jar;D:\JAVA\Maven\MavenRepository\org\junit\jupiter\junit-jupiter-api\5.8.2\junit-jupiter-api-5.8.2.jar;D:\JAVA\Maven\MavenRepository\org\opentest4j\opentest4j\1.2.0\opentest4j-1.2.0.jar;D:\JAVA\Maven\MavenRepository\org\junit\platform\junit-platform-commons\1.8.2\junit-platform-commons-1.8.2.jar;D:\JAVA\Maven\MavenRepository\org\apiguardian\apiguardian-api\1.1.2\apiguardian-api-1.1.2.jar;D:\JAVA\Maven\MavenRepository\org\junit\jupiter\junit-jupiter-params\5.8.2\junit-jupiter-params-5.8.2.jar;D:\JAVA\Maven\MavenRepository\org\junit\jupiter\junit-jupiter-engine\5.8.2\junit-jupiter-engine-5.8.2.jar;D:\JAVA\Maven\MavenRepository\org\junit\platform\junit-platform-engine\1.8.2\junit-platform-engine-1.8.2.jar;D:\JAVA\Maven\MavenRepository\org\mockito\mockito-core\4.0.0\mockito-core-4.0.0.jar;D:\JAVA\Maven\MavenRepository\net\bytebuddy\byte-buddy\1.11.22\byte-buddy-1.11.22.jar;D:\JAVA\Maven\MavenRepository\net\bytebuddy\byte-buddy-agent\1.11.22\byte-buddy-agent-1.11.22.jar;D:\JAVA\Maven\MavenRepository\org\objenesis\objenesis\3.2\objenesis-3.2.jar;D:\JAVA\Maven\MavenRepository\org\mockito\mockito-junit-jupiter\4.0.0\mockito-junit-jupiter-4.0.0.jar;D:\JAVA\Maven\MavenRepository\org\skyscreamer\jsonassert\1.5.0\jsonassert-1.5.0.jar;D:\JAVA\Maven\MavenRepository\com\vaadin\external\google\android-json\0.0.20131108.vaadin1\android-json-0.0.20131108.vaadin1.jar;D:\JAVA\Maven\MavenRepository\org\springframework\spring-core\5.3.16\spring-core-5.3.16.jar;D:\JAVA\Maven\MavenRepository\org\springframework\spring-jcl\5.3.16\spring-jcl-5.3.16.jar;D:\JAVA\Maven\MavenRepository\org\springframework\spring-test\5.3.16\spring-test-5.3.16.jar;D:\JAVA\Maven\MavenRepository\org\xmlunit\xmlunit-core\2.8.4\xmlunit-core-2.8.4.jar;D:\JAVA\Maven\MavenRepository\commons-codec\commons-codec\1.15\commons-codec-1.15.jar;D:\JAVA\Maven\MavenRepository\org\springframework\boot\spring-boot-starter-validation\2.6.4\spring-boot-starter-validation-2.6.4.jar;D:\JAVA\Maven\MavenRepository\org\apache\tomcat\embed\tomcat-embed-el\9.0.58\tomcat-embed-el-9.0.58.jar;D:\JAVA\Maven\MavenRepository\org\hibernate\validator\hibernate-validator\6.2.2.Final\hibernate-validator-6.2.2.Final.jar;D:\JAVA\Maven\MavenRepository\jakarta\validation\jakarta.validation-api\2.0.2\jakarta.validation-api-2.0.2.jar;D:\JAVA\Maven\MavenRepository\org\jboss\logging\jboss-logging\3.4.3.Final\jboss-logging-3.4.3.Final.jar;D:\JAVA\Maven\MavenRepository\com\fasterxml\classmate\1.5.1\classmate-1.5.1.jar;D:\JAVA\Maven\MavenRepository\org\freemarker\freemarker\2.3.31\freemarker-2.3.31.jar;D:\JAVA\Maven\MavenRepository\mysql\mysql-connector-java\8.0.28\mysql-connector-java-8.0.28.jar;D:\JAVA\Maven\MavenRepository\org\springframework\boot\spring-boot-starter-data-redis\2.6.4\spring-boot-starter-data-redis-2.6.4.jar;D:\JAVA\Maven\MavenRepository\org\springframework\data\spring-data-redis\2.6.2\spring-data-redis-2.6.2.jar;D:\JAVA\Maven\MavenRepository\org\springframework\data\spring-data-keyvalue\2.6.2\spring-data-keyvalue-2.6.2.jar;D:\JAVA\Maven\MavenRepository\org\springframework\data\spring-data-commons\2.6.2\spring-data-commons-2.6.2.jar;D:\JAVA\Maven\MavenRepository\org\springframework\spring-tx\5.3.16\spring-tx-5.3.16.jar;D:\JAVA\Maven\MavenRepository\org\springframework\spring-oxm\5.3.16\spring-oxm-5.3.16.jar;D:\JAVA\Maven\MavenRepository\org\springframework\spring-context-support\5.3.16\spring-context-support-5.3.16.jar;D:\JAVA\Maven\MavenRepository\io\lettuce\lettuce-core\6.1.6.RELEASE\lettuce-core-6.1.6.RELEASE.jar;D:\JAVA\Maven\MavenRepository\io\netty\netty-common\4.1.74.Final\netty-common-4.1.74.Final.jar;D:\JAVA\Maven\MavenRepository\io\netty\netty-handler\4.1.74.Final\netty-handler-4.1.74.Final.jar;D:\JAVA\Maven\MavenRepository\io\netty\netty-resolver\4.1.74.Final\netty-resolver-4.1.74.Final.jar;D:\JAVA\Maven\MavenRepository\io\netty\netty-buffer\4.1.74.Final\netty-buffer-4.1.74.Final.jar;D:\JAVA\Maven\MavenRepository\io\netty\netty-codec\4.1.74.Final\netty-codec-4.1.74.Final.jar;D:\JAVA\Maven\MavenRepository\io\netty\netty-tcnative-classes\2.0.48.Final\netty-tcnative-classes-2.0.48.Final.jar;D:\JAVA\Maven\MavenRepository\io\netty\netty-transport\4.1.74.Final\netty-transport-4.1.74.Final.jar;D:\JAVA\Maven\MavenRepository\io\projectreactor\reactor-core\3.4.15\reactor-core-3.4.15.jar;D:\JAVA\Maven\MavenRepository\org\reactivestreams\reactive-streams\1.0.3\reactive-streams-1.0.3.jar;D:\JAVA\Maven\MavenRepository\org\apache\commons\commons-pool2\2.11.1\commons-pool2-2.11.1.jar;"/>
    <property name="sun.cpu.endian" value="little"/>
    <property name="user.home" value="C:\Users\38454"/>
    <property name="user.language" value="zh"/>
    <property name="java.specification.vendor" value="Oracle Corporation"/>
    <property name="java.home" value="D:\JAVA\jdk8\jre"/>
    <property name="basedir" value="E:\IdeaProject\seckill-demo"/>
    <property name="file.separator" value="\"/>
    <property name="line.separator" value="&#10;"/>
    <property name="java.vm.specification.vendor" value="Oracle Corporation"/>
    <property name="java.specification.name" value="Java Platform API Specification"/>
    <property name="java.awt.graphicsenv" value="sun.awt.Win32GraphicsEnvironment"/>
    <property name="surefire.real.class.path" value="C:\Users\38454\AppData\Local\Temp\surefire6123811017480175697\surefirebooter146291170090823289.jar"/>
    <property name="sun.boot.class.path" value="D:\JAVA\jdk8\jre\lib\resources.jar;D:\JAVA\jdk8\jre\lib\rt.jar;D:\JAVA\jdk8\jre\lib\sunrsasign.jar;D:\JAVA\jdk8\jre\lib\jsse.jar;D:\JAVA\jdk8\jre\lib\jce.jar;D:\JAVA\jdk8\jre\lib\charsets.jar;D:\JAVA\jdk8\jre\lib\jfr.jar;D:\JAVA\jdk8\jre\classes"/>
    <property name="user.script" value=""/>
    <property name="sun.management.compiler" value="HotSpot 64-Bit Tiered Compilers"/>
    <property name="java.runtime.version" value="1.8.0_311-b11"/>
    <property name="user.name" value="38454"/>
    <property name="path.separator" value=";"/>
    <property name="os.version" value="10.0"/>
    <property name="java.endorsed.dirs" value="D:\JAVA\jdk8\jre\lib\endorsed"/>
    <property name="java.runtime.name" value="Java(TM) SE Runtime Environment"/>
    <property name="file.encoding" value="GBK"/>
    <property name="java.vm.name" value="Java HotSpot(TM) 64-Bit Server VM"/>
    <property name="localRepository" value="D:\JAVA\Maven\MavenRepository"/>
    <property name="java.vendor.url.bug" value="http://bugreport.sun.com/bugreport/"/>
    <property name="java.io.tmpdir" value="C:\Users\38454\AppData\Local\Temp\"/>
    <property name="idea.version" value="2021.1"/>
    <property name="java.version" value="1.8.0_311"/>
    <property name="user.dir" value="E:\IdeaProject\seckill-demo"/>
    <property name="os.arch" value="amd64"/>
    <property name="java.vm.specification.name" value="Java Virtual Machine Specification"/>
    <property name="java.awt.printerjob" value="sun.awt.windows.WPrinterJob"/>
    <property name="sun.os.patch.level" value=""/>
    <property name="java.library.path" value="D:\JAVA\jdk8\jre\bin;C:\Windows\Sun\Java\bin;C:\Windows\system32;C:\Windows;D:\Anaconda\AnacondaDocument\condabin;C:\Program Files (x86)\Common Files\Oracle\Java\javapath;C:\Windows\system32;C:\Windows;C:\Windows\System32\Wbem;C:\Windows\System32\WindowsPowerShell\v1.0\;C:\Windows\System32\OpenSSH\;C:\Program Files (x86)\NVIDIA Corporation\PhysX\Common;C:\Program Files\NVIDIA Corporation\NVIDIA NvDLISR;D:\JAVA\jdk8\bin;D:\JAVA\Maven\apache-maven-3.8.4\bin;D:\JAVA\MySQL\mysql-8.0.27-winx64\bin;D:\Anaconda\AnacondaDocument;D:\Anaconda\AnacondaDocument\Scripts;D:\Anaconda\AnacondaDocument\Library\bin;D:\Anaconda\AnacondaDocument\envs\python38\Scripts;D:\JetBrains\WebStorm\Nodejs\NodejsDocument\;D:\Git\Git\cmd;D:\XShell\XshellDocument\;D:\Xftp\XftpDocument\;D:\Editor\Mingw64\mingw64\bin;D:\JAVA\ErLang\erl-24.3.2\bin;D:\JAVA\RabbitMQ\rabbitmqServer3.9.13\rabbitmq_server-3.9.13\sbin;C:\Users\38454\AppData\Local\Microsoft\WindowsApps;;D:\JetBrains\IDEA\IdeaDocument\IntelliJ IDEA 2021.1\bin;;D:\JetBrains\WebStorm\WebStormDocument\WebStorm 2021.1\bin;;D:\JetBrains\PyCharm\PyCharmDocument\PyCharm 2021.1.1\bin;;C:\Users\38454\AppData\Roaming\npm;D:\JetBrains\DataGrip\DataGripDocument\DataGrip 2021.1\bin;;D:\Others\BandZip\;D:\Editor\VSCode\VScodeDocument\Microsoft VS Code\bin;."/>
    <property name="java.vm.info" value="mixed mode"/>
    <property name="java.vendor" value="Oracle Corporation"/>
    <property name="java.vm.version" value="25.311-b11"/>
    <property name="java.ext.dirs" value="D:\JAVA\jdk8\jre\lib\ext;C:\Windows\Sun\Java\lib\ext"/>
    <property name="sun.io.unicode.encoding" value="UnicodeLittle"/>
    <property name="maven.repo.local" value="D:\JAVA\Maven\MavenRepository"/>
    <property name="java.class.version" value="52.0"/>
  </properties>
  <testcase name="contextLoads" classname="indi.wgx.seckill.SeckillApplicationTests" time="0.242"/>
</testsuite>